[0.028s] Invoking command in '/home/kdg/kdg/build/wanderbot': CMAKE_PREFIX_PATH=${CMAKE_PREFIX_PATH}:/opt/ros/humble /usr/bin/cmake --build /home/kdg/kdg/build/wanderbot -- -j16 -l16
[0.090s] [35m[1mConsolidate compiler generated dependencies of target go_scan[0m
[0.104s] [ 50%] Built target go_rot
[0.114s] [ 75%] [32mBuilding CXX object CMakeFiles/go_scan.dir/src/go_scan.cpp.o[0m
[2.181s] [01m[K/home/kdg/kdg/src/wanderbot/src/go_scan.cpp:[m[K In member function â€˜[01m[Kvoid GoScan::timer_cb()[m[Kâ€™:
[2.181s] [01m[K/home/kdg/kdg/src/wanderbot/src/go_scan.cpp:31:13:[m[K [01;31m[Kerror: [m[Kexpected â€˜[01m[K}[m[Kâ€™ before â€˜[01m[Kelse[m[Kâ€™
[2.181s]    31 |             [01;31m[Kelse[m[K if(range_ahead_ < 0.6 || range_left_ < 0.6)
[2.182s]       |             [01;31m[K^~~~[m[K
[2.182s] [01m[K/home/kdg/kdg/src/wanderbot/src/go_scan.cpp:27:56:[m[K [01;36m[Knote: [m[Kto match this â€˜[01m[K{[m[Kâ€™
[2.182s]    27 |             if(range_left_ < 0.6 || range_right_ < 0.6)[01;36m[K{[m[K
[2.182s]       |                                                        [01;36m[K^[m[K
[2.184s] [01m[K/home/kdg/kdg/src/wanderbot/src/go_scan.cpp:31:18:[m[K [01;35m[Kwarning: [m[Kthis â€˜[01m[Kif[m[Kâ€™ clause does not guard... [[01;35m[K]8;;https://gcc.gnu.org/onlinedocs/gcc/Warning-Options.html#index-Wmisleading-indentation-Wmisleading-indentation]8;;[m[K]
[2.184s]    31 |             else [01;35m[Kif[m[K(range_ahead_ < 0.6 || range_left_ < 0.6)
[2.184s]       |                  [01;35m[K^~[m[K
[2.184s] [01m[K/home/kdg/kdg/src/wanderbot/src/go_scan.cpp:33:17:[m[K [01;36m[Knote: [m[K...this statement, but the latter is misleadingly indented as if it were guarded by the â€˜[01m[Kif[m[Kâ€™
[2.184s]    33 |                 [01;36m[Kcmd[m[K.angular.z = -0.2;
[2.184s]       |                 [01;36m[K^~~[m[K
[4.070s] gmake[2]: *** [CMakeFiles/go_scan.dir/build.make:76: CMakeFiles/go_scan.dir/src/go_scan.cpp.o] Error 1
[4.070s] gmake[1]: *** [CMakeFiles/Makefile2:165: CMakeFiles/go_scan.dir/all] Error 2
[4.070s] gmake: *** [Makefile:146: all] Error 2
[4.073s] Invoked command in '/home/kdg/kdg/build/wanderbot' returned '2': CMAKE_PREFIX_PATH=${CMAKE_PREFIX_PATH}:/opt/ros/humble /usr/bin/cmake --build /home/kdg/kdg/build/wanderbot -- -j16 -l16
